2019-08-06 07:24:27,789 DEBUG - Starting ServiceWrapper in the CLI mode
2019-08-06 07:24:41,679 ERROR - Failed to log event in Windows Event Log: Starting java -jar ".\dbBackup-0.0.1-SNAPSHOT.jar"; Reason: 
System.Security.SecurityException: The source was not found, but some or all event logs could not be searched.  Inaccessible logs: Security, State.
   at System.Diagnostics.EventLog.FindSourceRegistration(String source, String machineName, Boolean readOnly)
   at System.Diagnostics.EventLog.SourceExists(String source, String machineName)
   at System.Diagnostics.EventLog.VerifyAndCreateSource(String sourceName, String currentMachineName)
   at System.Diagnostics.EventLog.WriteEntry(String message, EventLogEntryType type, Int32 eventID, Int16 category, Byte[] rawData)
   at System.Diagnostics.EventLog.WriteEntry(String message)
   at winsw.WrapperService.LogEvent(String message)
The Zone of the assembly that failed was:
MyComputer
2019-08-06 07:24:41,956 INFO  - Starting java -jar ".\dbBackup-0.0.1-SNAPSHOT.jar"
2019-08-06 07:24:41,971 ERROR - Failed to log event in Windows Event Log: Starting java -jar ".\dbBackup-0.0.1-SNAPSHOT.jar"; Reason: 
System.Security.SecurityException: The source was not found, but some or all event logs could not be searched.  Inaccessible logs: Security, State.
   at System.Diagnostics.EventLog.FindSourceRegistration(String source, String machineName, Boolean readOnly)
   at System.Diagnostics.EventLog.SourceExists(String source, String machineName)
   at System.Diagnostics.EventLog.VerifyAndCreateSource(String sourceName, String currentMachineName)
   at System.Diagnostics.EventLog.WriteEntry(String message, EventLogEntryType type, Int32 eventID, Int16 category, Byte[] rawData)
   at System.Diagnostics.EventLog.WriteEntry(String message)
   at winsw.WrapperService.LogEvent(String message)
The Zone of the assembly that failed was:
MyComputer
2019-08-06 07:24:41,982 INFO  - Starting java -jar ".\dbBackup-0.0.1-SNAPSHOT.jar"
2019-08-06 07:24:42,255 INFO  - Started process 10584
2019-08-06 07:24:42,637 DEBUG - Forwarding logs of the process System.Diagnostics.Process (java) to winsw.DefaultLogAppender
2019-08-06 07:24:43,707 ERROR - Failed to log event in Windows Event Log. Reason: 
System.Security.SecurityException: The source was not found, but some or all event logs could not be searched.  Inaccessible logs: Security, State.
   at System.Diagnostics.EventLog.FindSourceRegistration(String source, String machineName, Boolean readOnly)
   at System.Diagnostics.EventLog.SourceExists(String source, String machineName)
   at System.Diagnostics.EventLog.VerifyAndCreateSource(String sourceName, String currentMachineName)
   at System.Diagnostics.EventLog.WriteEntry(String message, EventLogEntryType type, Int32 eventID, Int16 category, Byte[] rawData)
   at System.Diagnostics.EventLog.WriteEntry(String message, EventLogEntryType type)
   at winsw.WrapperService.LogEvent(String message, EventLogEntryType type)
The Zone of the assembly that failed was:
MyComputer
2019-08-06 07:25:23,414 DEBUG - Starting ServiceWrapper in the CLI mode
2019-08-06 07:25:24,067 INFO  - Installing the service with id 'DbBackupService'
2019-08-06 07:25:24,222 FATAL - WMI Operation failure: AccessDenied
WMI.WmiException: AccessDenied
   at WMI.WmiRoot.BaseHandler.CheckError(ManagementBaseObject result)
   at WMI.WmiRoot.ClassHandler.Invoke(Object proxy, MethodInfo method, Object[] args)
   at WMI.Win32ServicesProxy.Create(String , String , String , ServiceType , ErrorControl , StartMode , Boolean , String , String , String[] )
   at winsw.WrapperService.Run(String[] _args, ServiceDescriptor descriptor)
   at winsw.WrapperService.Main(String[] args)
2019-08-06 07:26:37,946 DEBUG - Starting ServiceWrapper in the CLI mode
2019-08-06 07:26:38,652 INFO  - Installing the service with id 'DbBackupService'
2019-08-06 07:26:38,753 DEBUG - Completed. Exit code is 0
2019-08-06 07:26:46,963 DEBUG - Starting ServiceWrapper in the CLI mode
2019-08-06 07:26:47,793 INFO  - Starting java -jar "E:\java\practice\dbBackup\target\dbBackup-0.0.1-SNAPSHOT.jar"
2019-08-06 07:26:47,813 INFO  - Starting java -jar "E:\java\practice\dbBackup\target\dbBackup-0.0.1-SNAPSHOT.jar"
2019-08-06 07:26:47,860 INFO  - Started process 3232
2019-08-06 07:26:47,876 DEBUG - Forwarding logs of the process System.Diagnostics.Process (java) to winsw.DefaultLogAppender
2019-08-06 07:26:48,899 INFO  - Stopping DbBackupService
2019-08-06 07:26:48,906 DEBUG - ProcessKill 3232
2019-08-06 07:26:49,368 INFO  - Stopping process 3232
2019-08-06 07:26:49,408 INFO  - Send SIGINT 3232
2019-08-06 07:26:49,421 WARN  - SIGINT to 3232 failed - Killing as fallback
2019-08-06 07:26:49,439 INFO  - Finished DbBackupService
2019-08-06 07:26:49,450 DEBUG - Completed. Exit code is 0
2019-09-20 22:57:15,734 INFO  - Starting ServiceWrapper in the service mode
2019-09-20 22:57:18,044 INFO  - Starting java -jar "E:\java\practice\dbBackup\target\dbBackup-0.0.1-SNAPSHOT.jar"
2019-09-20 22:57:18,050 INFO  - Starting java -jar "E:\java\practice\dbBackup\target\dbBackup-0.0.1-SNAPSHOT.jar"
2019-09-20 22:57:18,609 INFO  - Started process 5044
2019-09-20 22:57:19,111 DEBUG - Forwarding logs of the process System.Diagnostics.Process (java) to winsw.DefaultLogAppender
2019-09-21 23:08:16,166 INFO  - Starting ServiceWrapper in the service mode
2019-09-21 23:08:19,164 INFO  - Starting java -jar "E:\java\practice\dbBackup\target\dbBackup-0.0.1-SNAPSHOT.jar"
2019-09-21 23:08:19,180 INFO  - Starting java -jar "E:\java\practice\dbBackup\target\dbBackup-0.0.1-SNAPSHOT.jar"
2019-09-21 23:08:19,494 INFO  - Started process 5936
2019-09-21 23:08:19,604 DEBUG - Forwarding logs of the process System.Diagnostics.Process (java) to winsw.DefaultLogAppender
2019-09-22 18:33:47,562 INFO  - Stopping DbBackupService
2019-09-22 18:33:47,718 DEBUG - ProcessKill 5936
2019-09-22 18:33:50,437 INFO  - Found child process: 5944 Name: conhost.exe
2019-09-22 18:33:50,484 INFO  - Found child process: 4828 Name: mysqldump.exe
2019-09-22 18:33:50,687 INFO  - Stopping process 5944
2019-09-22 18:33:50,906 INFO  - Send SIGINT 5944
2019-09-22 18:33:50,968 WARN  - SIGINT to 5944 failed - Killing as fallback
2019-09-22 18:33:51,453 INFO  - Stopping process 4828
2019-09-22 18:33:51,734 INFO  - Process 4828 is already stopped
System.ArgumentException: Process with an Id of 4828 is not running.
   at System.Diagnostics.Process.GetProcessById(Int32 processId, String machineName)
   at winsw.Util.ProcessHelper.StopProcess(Int32 pid, TimeSpan stopTimeout)
2019-09-22 18:33:53,490 INFO  - Stopping process 5936
2019-09-22 18:33:53,506 INFO  - Send SIGINT 5936
2019-09-22 18:33:53,506 WARN  - SIGINT to 5936 failed - Killing as fallback
2019-09-22 18:33:53,599 INFO  - Finished DbBackupService
2019-09-22 18:33:53,724 DEBUG - Completed. Exit code is 0
2019-09-22 18:52:38,383 DEBUG - Starting ServiceWrapper in the CLI mode
2019-09-22 18:52:41,672 INFO  - Uninstalling the service with id 'DbBackupService'
2019-09-22 18:52:42,461 FATAL - Failed to uninstall the service with id 'DbBackupService'. WMI Error code is 'AccessDenied'
2019-09-22 18:52:42,828 FATAL - WMI Operation failure: AccessDenied
WMI.WmiException: AccessDenied
   at winsw.WrapperService.Run(String[] _args, ServiceDescriptor descriptor)
   at winsw.WrapperService.Main(String[] args)
2019-09-22 18:58:08,336 DEBUG - Starting ServiceWrapper in the CLI mode
2019-09-22 18:58:09,523 INFO  - Uninstalling the service with id 'DbBackupService'
2019-09-22 18:58:09,951 DEBUG - Completed. Exit code is 0
2019-09-22 19:00:40,020 DEBUG - Starting ServiceWrapper in the CLI mode
2019-09-22 19:00:40,925 INFO  - Installing the service with id 'DbBackupService'
2019-09-22 19:00:41,407 DEBUG - Completed. Exit code is 0
2019-09-22 19:01:17,414 DEBUG - Starting ServiceWrapper in the CLI mode
2019-09-22 19:01:17,953 DEBUG - User requested the status of the process with id 'DbBackupService'
2019-09-22 19:01:17,965 DEBUG - Completed. Exit code is 0
